0 info it worked if it ends with ok
1 verbose cli [ '/usr/local/bin/node',
1 verbose cli   '/usr/local/bin/npm',
1 verbose cli   'install',
1 verbose cli   '-g',
1 verbose cli   'bower' ]
2 info using npm@2.11.3
3 info using node@v0.12.7
4 verbose install initial load of /usr/local/lib/package.json
5 verbose readDependencies loading dependencies from /usr/local/lib/package.json
6 silly cache add args [ 'bower', null ]
7 verbose cache add spec bower
8 silly cache add parsed spec { raw: 'bower',
8 silly cache add   scope: null,
8 silly cache add   name: 'bower',
8 silly cache add   rawSpec: '',
8 silly cache add   spec: '*',
8 silly cache add   type: 'range' }
9 silly addNamed bower@*
10 verbose addNamed "*" is a valid semver range for bower
11 silly addNameRange { name: 'bower', range: '*', hasData: false }
12 silly mapToRegistry name bower
13 silly mapToRegistry using default registry
14 silly mapToRegistry registry https://registry.npmjs.org/
15 silly mapToRegistry uri https://registry.npmjs.org/bower
16 verbose addNameRange registry:https://registry.npmjs.org/bower not in flight; fetching
17 verbose request uri https://registry.npmjs.org/bower
18 verbose request no auth needed
19 info attempt registry request try #1 at 2:13:46 PM
20 verbose request id 7950f0bb3d4283a1
21 verbose etag "1UEAMQBQL100C69LQBPTRT1TD"
22 http request GET https://registry.npmjs.org/bower
23 http 200 https://registry.npmjs.org/bower
24 silly get cb [ 200,
24 silly get   { server: 'CouchDB/1.5.0 (Erlang OTP/R16B03)',
24 silly get     etag: '"899RLH3RLOEUE1DZ304PPX4PP"',
24 silly get     'content-type': 'application/json',
24 silly get     'cache-control': 'max-age=60',
24 silly get     'content-length': '136470',
24 silly get     'accept-ranges': 'bytes',
24 silly get     date: 'Mon, 23 Nov 2015 22:13:47 GMT',
24 silly get     via: '1.1 varnish',
24 silly get     age: '24',
24 silly get     connection: 'keep-alive',
24 silly get     'x-served-by': 'cache-sjc3133-SJC',
24 silly get     'x-cache': 'HIT',
24 silly get     'x-cache-hits': '2',
24 silly get     'x-timer': 'S1448316827.274032,VS0,VE0',
24 silly get     vary: 'Accept' } ]
25 verbose get saving bower to /Users/tomomi/.npm/registry.npmjs.org/bower/.cache.json
26 silly addNameRange number 2 { name: 'bower', range: '*', hasData: true }
27 silly addNameRange versions [ 'bower',
27 silly addNameRange   [ '0.1.0',
27 silly addNameRange     '0.1.2',
27 silly addNameRange     '0.1.3',
27 silly addNameRange     '0.2.0',
27 silly addNameRange     '0.3.0',
27 silly addNameRange     '0.3.1',
27 silly addNameRange     '0.3.2',
27 silly addNameRange     '0.4.0',
27 silly addNameRange     '0.5.0',
27 silly addNameRange     '0.5.1',
27 silly addNameRange     '0.6.0',
27 silly addNameRange     '0.6.1',
27 silly addNameRange     '0.6.2',
27 silly addNameRange     '0.6.3',
27 silly addNameRange     '0.6.4',
27 silly addNameRange     '0.6.5',
27 silly addNameRange     '0.6.6',
27 silly addNameRange     '0.6.7',
27 silly addNameRange     '0.6.8',
27 silly addNameRange     '0.7.0',
27 silly addNameRange     '0.7.1',
27 silly addNameRange     '0.8.0',
27 silly addNameRange     '0.8.1',
27 silly addNameRange     '0.8.2',
27 silly addNameRange     '0.8.3',
27 silly addNameRange     '0.8.4',
27 silly addNameRange     '0.8.5',
27 silly addNameRange     '0.8.6',
27 silly addNameRange     '0.9.0',
27 silly addNameRange     '0.9.1',
27 silly addNameRange     '0.9.2',
27 silly addNameRange     '0.10.0',
27 silly addNameRange     '1.0.0',
27 silly addNameRange     '1.0.1',
27 silly addNameRange     '1.0.2',
27 silly addNameRange     '1.0.3',
27 silly addNameRange     '1.1.0',
27 silly addNameRange     '1.1.1',
27 silly addNameRange     '1.1.2',
27 silly addNameRange     '1.2.0',
27 silly addNameRange     '1.2.1',
27 silly addNameRange     '1.2.2',
27 silly addNameRange     '1.2.3',
27 silly addNameRange     '1.2.4',
27 silly addNameRange     '1.2.5',
27 silly addNameRange     '1.2.6',
27 silly addNameRange     '1.2.7',
27 silly addNameRange     '1.2.8',
27 silly addNameRange     '1.3.0',
27 silly addNameRange     '1.3.1',
27 silly addNameRange     '1.3.2',
27 silly addNameRange     '1.3.3',
27 silly addNameRange     '1.3.4',
27 silly addNameRange     '1.3.5',
27 silly addNameRange     '1.3.6',
27 silly addNameRange     '1.3.7',
27 silly addNameRange     '1.3.8',
27 silly addNameRange     '1.3.9',
27 silly addNameRange     '1.3.10',
27 silly addNameRange     '1.3.11',
27 silly addNameRange     '1.3.12',
27 silly addNameRange     '1.4.0',
27 silly addNameRange     '1.4.1',
27 silly addNameRange     '1.5.0',
27 silly addNameRange     '1.5.1',
27 silly addNameRange     '1.5.2',
27 silly addNameRange     '1.5.3',
27 silly addNameRange     '1.6.2',
27 silly addNameRange     '1.6.3',
27 silly addNameRange     '1.6.4',
27 silly addNameRange     '1.6.5' ] ]
28 silly addNamed bower@1.6.5
29 verbose addNamed "1.6.5" is a plain semver version for bower
30 silly mapToRegistry name bower
31 silly mapToRegistry using default registry
32 silly mapToRegistry registry https://registry.npmjs.org/
33 silly mapToRegistry uri https://registry.npmjs.org/bower
34 verbose addRemoteTarball https://registry.npmjs.org/bower/-/bower-1.6.5.tgz not in flight; adding
35 verbose addRemoteTarball [ 'https://registry.npmjs.org/bower/-/bower-1.6.5.tgz',
35 verbose addRemoteTarball   '59d457122a161e42cc1625bbab8179c214b7ac11' ]
36 info retry fetch attempt 1 at 2:13:47 PM
37 info attempt registry request try #1 at 2:13:47 PM
38 http fetch GET https://registry.npmjs.org/bower/-/bower-1.6.5.tgz
39 http fetch 200 https://registry.npmjs.org/bower/-/bower-1.6.5.tgz
40 silly fetchAndShaCheck shasum 59d457122a161e42cc1625bbab8179c214b7ac11
41 verbose addTmpTarball /var/folders/fb/5yf5qpwj7jbdd74_kpjbl0ym0000gp/T/npm-8528-2a0fadb1/registry.npmjs.org/bower/-/bower-1.6.5.tgz not in flight; adding
42 verbose addTmpTarball already have metadata; skipping unpack for bower@1.6.5
43 silly cache afterAdd bower@1.6.5
44 verbose afterAdd /Users/tomomi/.npm/bower/1.6.5/package/package.json not in flight; writing
45 verbose afterAdd /Users/tomomi/.npm/bower/1.6.5/package/package.json written
46 silly install resolved [ { name: 'bower',
46 silly install resolved     version: '1.6.5',
46 silly install resolved     description: 'The browser package manager',
46 silly install resolved     author: { name: 'Twitter' },
46 silly install resolved     license: 'MIT',
46 silly install resolved     repository: { type: 'git', url: 'git+https://github.com/bower/bower.git' },
46 silly install resolved     main: 'lib',
46 silly install resolved     homepage: 'http://bower.io',
46 silly install resolved     engines: { node: '>=0.10.0' },
46 silly install resolved     keywords: [ 'bower' ],
46 silly install resolved     dependencies:
46 silly install resolved      { abbrev: '^1.0.5',
46 silly install resolved        archy: '1.0.0',
46 silly install resolved        'bower-config': '^1.2.2',
46 silly install resolved        'bower-endpoint-parser': '^0.2.2',
46 silly install resolved        'bower-json': '^0.4.0',
46 silly install resolved        'bower-logger': '^0.2.2',
46 silly install resolved        'bower-registry-client': '^1.0.0',
46 silly install resolved        cardinal: '0.4.4',
46 silly install resolved        chalk: '^1.0.0',
46 silly install resolved        chmodr: '^1.0.2',
46 silly install resolved        configstore: '^0.3.2',
46 silly install resolved        'decompress-zip': '^0.1.0',
46 silly install resolved        destroy: '^1.0.3',
46 silly install resolved        'fs-write-stream-atomic': '^1.0.4',
46 silly install resolved        fstream: '^1.0.3',
46 silly install resolved        'fstream-ignore': '^1.0.2',
46 silly install resolved        github: '^0.2.3',
46 silly install resolved        glob: '^4.3.2',
46 silly install resolved        'graceful-fs': '^3.0.5',
46 silly install resolved        handlebars: '^2.0.0',
46 silly install resolved        inquirer: '0.10.0',
46 silly install resolved        insight: '^0.7.0',
46 silly install resolved        'is-root': '^1.0.0',
46 silly install resolved        junk: '^1.0.0',
46 silly install resolved        lockfile: '^1.0.0',
46 silly install resolved        'lru-cache': '^2.5.0',
46 silly install resolved        'md5-hex': '^1.0.2',
46 silly install resolved        mkdirp: '0.5.0',
46 silly install resolved        mout: '^0.11.0',
46 silly install resolved        nopt: '^3.0.1',
46 silly install resolved        opn: '^1.0.1',
46 silly install resolved        'p-throttler': '0.1.1',
46 silly install resolved        promptly: '0.2.0',
46 silly install resolved        q: '^1.1.2',
46 silly install resolved        request: '2.53.0',
46 silly install resolved        'request-progress': '0.3.1',
46 silly install resolved        retry: '0.6.1',
46 silly install resolved        rimraf: '^2.2.8',
46 silly install resolved        semver: '^2.3.0',
46 silly install resolved        'shell-quote': '^1.4.2',
46 silly install resolved        'stringify-object': '^1.0.0',
46 silly install resolved        'tar-fs': '^1.4.1',
46 silly install resolved        tmp: '0.0.24',
46 silly install resolved        'update-notifier': '^0.3.0',
46 silly install resolved        'user-home': '^1.1.0',
46 silly install resolved        which: '^1.0.8' },
46 silly install resolved     devDependencies:
46 silly install resolved      { chai: '^1.10.0',
46 silly install resolved        coveralls: '^2.11.2',
46 silly install resolved        'expect.js': '^0.3.1',
46 silly install resolved        grunt: '^0.4.5',
46 silly install resolved        'grunt-cli': '^0.1.13',
46 silly install resolved        'grunt-contrib-jshint': '^0.10.0',
46 silly install resolved        'grunt-contrib-watch': '^0.6.1',
46 silly install resolved        'grunt-exec': '^0.4.6',
46 silly install resolved        'grunt-simple-mocha': '^0.4.0',
46 silly install resolved        istanbul: '^0.3.5',
46 silly install resolved        'load-grunt-tasks': '^2.0.0',
46 silly install resolved        mocha: '^2.1.0',
46 silly install resolved        multiline: '^1.0.2',
46 silly install resolved        nock: '^2.13.0',
46 silly install resolved        'node-uuid': '^1.4.2',
46 silly install resolved        'npm-shrinkwrap': '^5.4.1',
46 silly install resolved        proxyquire: '^1.3.0',
46 silly install resolved        'spawn-sync': '^1.0.5' },
46 silly install resolved     scripts: { test: 'grunt test' },
46 silly install resolved     bin: { bower: 'bin/bower' },
46 silly install resolved     files: [ 'bin', 'lib', 'templates' ],
46 silly install resolved     gitHead: 'a022cdc75ee0693af813a87b40f5de4c74b7baae',
46 silly install resolved     bugs: { url: 'https://github.com/bower/bower/issues' },
46 silly install resolved     bundleDependencies:
46 silly install resolved      [ 'abbrev',
46 silly install resolved        'archy',
46 silly install resolved        'bower-config',
46 silly install resolved        'bower-endpoint-parser',
46 silly install resolved        'bower-json',
46 silly install resolved        'bower-logger',
46 silly install resolved        'bower-registry-client',
46 silly install resolved        'cardinal',
46 silly install resolved        'chalk',
46 silly install resolved        'chmodr',
46 silly install resolved        'configstore',
46 silly install resolved        'decompress-zip',
46 silly install resolved        'destroy',
46 silly install resolved        'fs-write-stream-atomic',
46 silly install resolved        'fstream',
46 silly install resolved        'fstream-ignore',
46 silly install resolved        'github',
46 silly install resolved        'glob',
46 silly install resolved        'graceful-fs',
46 silly install resolved        'handlebars',
46 silly install resolved        'inquirer',
46 silly install resolved        'insight',
46 silly install resolved        'is-root',
46 silly install resolved        'junk',
46 silly install resolved        'lockfile',
46 silly install resolved        'lru-cache',
46 silly install resolved        'md5-hex',
46 silly install resolved        'mkdirp',
46 silly install resolved        'mout',
46 silly install resolved        'nopt',
46 silly install resolved        'opn',
46 silly install resolved        'p-throttler',
46 silly install resolved        'promptly',
46 silly install resolved        'q',
46 silly install resolved        'request',
46 silly install resolved        'request-progress',
46 silly install resolved        'retry',
46 silly install resolved        'rimraf',
46 silly install resolved        'semver',
46 silly install resolved        'shell-quote',
46 silly install resolved        'stringify-object',
46 silly install resolved        'tar-fs',
46 silly install resolved        'tmp',
46 silly install resolved        'update-notifier',
46 silly install resolved        'user-home',
46 silly install resolved        'which' ],
46 silly install resolved     _id: 'bower@1.6.5',
46 silly install resolved     _shasum: '59d457122a161e42cc1625bbab8179c214b7ac11',
46 silly install resolved     _from: 'bower@*',
46 silly install resolved     _npmVersion: '2.14.8',
46 silly install resolved     _nodeVersion: '4.1.1',
46 silly install resolved     _npmUser: { name: 'sheerun', email: 'sheerun@sher.pl' },
46 silly install resolved     dist:
46 silly install resolved      { shasum: '59d457122a161e42cc1625bbab8179c214b7ac11',
46 silly install resolved        tarball: 'http://registry.npmjs.org/bower/-/bower-1.6.5.tgz' },
46 silly install resolved     maintainers: [ [Object], [Object], [Object], [Object], [Object], [Object] ],
46 silly install resolved     directories: {},
46 silly install resolved     _resolved: 'https://registry.npmjs.org/bower/-/bower-1.6.5.tgz' } ]
47 info install bower@1.6.5 into /usr/local/lib
48 info installOne bower@1.6.5
49 verbose installOne of bower to /usr/local/lib not in flight; installing
50 warn locking Error: EACCES, open '/Users/tomomi/.npm/_locks/bower-e8debc5417026b57.lock'
50 warn locking     at Error (native)
50 warn locking  /Users/tomomi/.npm/_locks/bower-e8debc5417026b57.lock failed { [Error: EACCES, open '/Users/tomomi/.npm/_locks/bower-e8debc5417026b57.lock']
50 warn locking   errno: -13,
50 warn locking   code: 'EACCES',
50 warn locking   path: '/Users/tomomi/.npm/_locks/bower-e8debc5417026b57.lock' }
51 verbose stack Error: Attempt to unlock /usr/local/lib/node_modules/bower, which hasn't been locked
51 verbose stack     at unlock (/usr/local/lib/node_modules/npm/lib/utils/locker.js:66:11)
51 verbose stack     at cb (/usr/local/lib/node_modules/npm/lib/install.js:1017:5)
51 verbose stack     at /usr/local/lib/node_modules/npm/lib/install.js:1021:20
51 verbose stack     at /usr/local/lib/node_modules/npm/lib/utils/locker.js:40:9
51 verbose stack     at cb (/usr/local/lib/node_modules/npm/node_modules/lockfile/lockfile.js:149:38)
51 verbose stack     at /usr/local/lib/node_modules/npm/node_modules/lockfile/lockfile.js:177:38
51 verbose stack     at FSReqWrap.oncomplete (fs.js:95:15)
52 verbose cwd /Users/tomomi/Dev/paper-chat-v1
53 error Darwin 14.1.0
54 error argv "/usr/local/bin/node" "/usr/local/bin/npm" "install" "-g" "bower"
55 error node v0.12.7
56 error npm  v2.11.3
57 error Attempt to unlock /usr/local/lib/node_modules/bower, which hasn't been locked
58 error If you need help, you may report this error at:
58 error     <https://github.com/npm/npm/issues>
59 verbose exit [ 1, true ]
